<?xml version="1.0" encoding="UTF-8"?>
<testsuite name="com.groupstp.PackageTest" tests="2" skipped="0" failures="0" errors="0" timestamp="2021-12-28T17:45:36" hostname="dmitriy-81lw" time="0.076">
  <properties/>
  <testcase name="decodeTest()" classname="com.groupstp.PackageTest" time="0.041"/>
  <testcase name="encodeTest()" classname="com.groupstp.PackageTest" time="0.034"/>
  <system-out><![CDATA[]]></system-out>
  <system-err><![CDATA[]]></system-err>
</testsuite>
